<<<<<<< HEAD
\BOOKMARK [1][-]{section.1}{Numerical approximation}{}% 1
\BOOKMARK [2][-]{subsection.1.1}{Quintic spline}{section.1}% 2
\BOOKMARK [2][-]{subsection.1.2}{Gaussian quadrature}{section.1}% 3
\BOOKMARK [2][-]{subsection.1.3}{Complete elliptic integral}{section.1}% 4
\BOOKMARK [1][-]{section.2}{Axisymmetric boundary integral}{}% 5
\BOOKMARK [2][-]{subsection.2.1}{Single layer integral}{section.2}% 6
\BOOKMARK [2][-]{subsection.2.2}{Double layer integral}{section.2}% 7
\BOOKMARK [2][-]{subsection.2.3}{Matrix assembly}{section.2}% 8
\BOOKMARK [2][-]{subsection.2.4}{Benchmark}{section.2}% 9
\BOOKMARK [1][-]{section.3}{Self-similar Taylor cone}{}% 10
\BOOKMARK [2][-]{subsection.3.1}{Preparation for iteration}{section.3}% 11
\BOOKMARK [2][-]{subsection.3.2}{Newton-Raphson iteration}{section.3}% 12
\BOOKMARK [1][-]{section.4}{Results and discussion}{}% 13
\BOOKMARK [2][-]{subsection.4.1}{Burton \046 Taborek}{section.4}% 14
=======
\BOOKMARK [1][-]{section.1}{Quintic spline}{}% 1
\BOOKMARK [1][-]{section.2}{Numerical approximation}{}% 2
\BOOKMARK [2][-]{subsection.2.1}{Gaussian quadrature}{section.2}% 3
\BOOKMARK [2][-]{subsection.2.2}{Complete elliptic integral}{section.2}% 4
\BOOKMARK [1][-]{section.3}{Axisymmetric boundary integral}{}% 5
\BOOKMARK [2][-]{subsection.3.1}{Single layer integral}{section.3}% 6
\BOOKMARK [2][-]{subsection.3.2}{Double layer integral}{section.3}% 7
\BOOKMARK [2][-]{subsection.3.3}{Assembly}{section.3}% 8
\BOOKMARK [2][-]{subsection.3.4}{Benchmark}{section.3}% 9
\BOOKMARK [1][-]{section.4}{Self-similar Taylor cone}{}% 10
\BOOKMARK [2][-]{subsection.4.1}{Prepare for iteration}{section.4}% 11
\BOOKMARK [2][-]{subsection.4.2}{Newton iteration}{section.4}% 12
>>>>>>> 261252fba4bf040dc7cc35b34ba8820bbadbae79
