This is pdfTeX, Version 3.14159265-2.6-1.40.15 (TeX Live 2014/W32TeX) (preloaded format=pdflatex 2015.1.28)  4 DEC 2018 11:18
entering extended mode
 restricted \write18 enabled.
 %&-line parsing enabled.
**taylorCone.tex
(./taylorCone.tex
LaTeX2e <2014/05/01>
Babel <3.9l> and hyphenation patterns for 79 languages loaded.
(./jfm.cls
Document Class: jfm 2007/03/13 v1.28 Journal of Fluid Mechanics document class

(c:/Program Files (x86)/TeX Live/2014/texmf-dist/tex/latex/graphics/graphicx.st
y
Package: graphicx 2014/10/28 v1.0g Enhanced LaTeX Graphics (DPC,SPQR)

(c:/Program Files (x86)/TeX Live/2014/texmf-dist/tex/latex/graphics/keyval.sty
Package: keyval 2014/10/28 v1.15 key=value parser (DPC)
\KV@toks@=\toks14
)
(c:/Program Files (x86)/TeX Live/2014/texmf-dist/tex/latex/graphics/graphics.st
y
Package: graphics 2014/10/28 v1.0p Standard LaTeX Graphics (DPC,SPQR)
 (c:/Program Files (x86)/TeX Live/2014/texmf-dist/tex/latex/graphics/trig.sty
Package: trig 1999/03/16 v1.09 sin cos tan (DPC)
)
(c:/Program Files (x86)/TeX Live/2014/texmf-dist/tex/latex/latexconfig/graphics
.cfg
File: graphics.cfg 2010/04/23 v1.9 graphics configuration of TeX Live
)
Package graphics Info: Driver file: pdftex.def on input line 91.

(c:/Program Files (x86)/TeX Live/2014/texmf-dist/tex/latex/pdftex-def/pdftex.de
f
File: pdftex.def 2011/05/27 v0.06d Graphics/color for pdfTeX

(c:/Program Files (x86)/TeX Live/2014/texmf-dist/tex/generic/oberdiek/infwarerr
.sty
Package: infwarerr 2010/04/08 v1.3 Providing info/warning/error messages (HO)
)
(c:/Program Files (x86)/TeX Live/2014/texmf-dist/tex/generic/oberdiek/ltxcmds.s
ty
Package: ltxcmds 2011/11/09 v1.22 LaTeX kernel commands for general use (HO)
)
\Gread@gobject=\count79
))
\Gin@req@height=\dimen102
\Gin@req@width=\dimen103
) (./etoolbox.sty
Package: etoolbox 2018/08/19 v2.5f e-TeX tools for LaTeX (JAW)

(c:/Program Files (x86)/TeX Live/2014/texmf-dist/tex/latex/etex-pkg/etex.sty
Package: etex 1998/03/26 v2.0 eTeX basic definition package (PEB)
\et@xins=\count80
)
\etb@tempcnta=\count81
)
LaTeX Info: Redefining \textsfbi on input line 184.
LaTeX Font Info:    Redeclaring math alphabet \mathsfbi on input line 184.
LaTeX Font Info:    Overwriting math alphabet `\mathsfbi' in version `normal'
(Font)                  OT1/cmss/m/sl --> T1/phv/b/it on input line 184.
LaTeX Font Info:    Overwriting math alphabet `\mathsfbi' in version `bold'
(Font)                  OT1/cmss/m/sl --> T1/phv/b/it on input line 184.
LaTeX Info: Redefining \textsfbi on input line 188.
LaTeX Font Info:    Redeclaring math alphabet \mathsfbi on input line 188.
LaTeX Font Info:    Overwriting math alphabet `\mathsfbi' in version `normal'
(Font)                  T1/phv/b/it --> OT1/phv/b/it on input line 188.
LaTeX Font Info:    Overwriting math alphabet `\mathsfbi' in version `bold'
(Font)                  T1/phv/b/it --> OT1/phv/b/it on input line 188.
\halflineskip=\skip41
\affilskip=\skip42
\c@part=\count82
\c@section=\count83
\c@subsection=\count84
\c@subsubsection=\count85
\c@paragraph=\count86
\@indentskip=\skip43
\smallindent=\skip44
\@footindent=\skip45
\@leftskip=\skip46
\proofbox=\box26
\rpbdim=\skip47
\@stequation=\toks15
\c@subequation=\count87
\c@table=\count88
\c@figure=\count89
LaTeX Info: Redefining \cite on input line 1157.
\astrutbox=\box27


Found the 'amsbsy' package on the system, using it.

(./amsbsy.sty
Package: amsbsy 1995/01/20 v1.2
 (./amsgen.sty
File: amsgen.sty 1995/02/01 v1.2a
\@emptytoks=\toks16
\ex@=\dimen104
)
\pmbraise@=\dimen105
)


Found AMS Euler Roman fonts on the system, using the 'upmath' package.

(./upmath.sty
Package: upmath 1996/10/20 v1.0 CUP LaTeX2e package
\c@mv@upright=\count90
\c@mv@boldupright=\count91
LaTeX Font Info:    Overwriting symbol font `letters' in version `upright'
(Font)                  OML/cmm/m/it --> OML/eur/m/n on input line 65.
LaTeX Font Info:    Overwriting symbol font `letters' in version `boldupright'
(Font)                  OML/cmm/m/it --> OML/eur/b/n on input line 66.
)


Found AMS Symbol fonts on the system, using the 'amssymb' package.

(./amssymb.sty
Package: amssymb 1995/02/01 v2.2a
 (./amsfonts.sty
Package: amsfonts 1995/02/01 v2.2b
\symAMSa=\mathgroup4
\symAMSb=\mathgroup5
LaTeX Font Info:    Overwriting math alphabet `\mathfrak' in version `bold'
(Font)                  U/euf/m/n --> U/euf/b/n on input line 128.
)))
(c:/Program Files (x86)/TeX Live/2014/texmf-dist/tex/latex/oberdiek/epstopdf.st
y
Package: epstopdf 2010/02/09 v2.5 Conversion with epstopdf on the fly (HO)

(c:/Program Files (x86)/TeX Live/2014/texmf-dist/tex/latex/oberdiek/epstopdf-ba
se.sty
Package: epstopdf-base 2010/02/09 v2.5 Base part for package epstopdf

(c:/Program Files (x86)/TeX Live/2014/texmf-dist/tex/latex/oberdiek/grfext.sty
Package: grfext 2010/08/19 v1.1 Manage graphics extensions (HO)

(c:/Program Files (x86)/TeX Live/2014/texmf-dist/tex/generic/oberdiek/kvdefinek
eys.sty
Package: kvdefinekeys 2011/04/07 v1.3 Define keys (HO)
))
(c:/Program Files (x86)/TeX Live/2014/texmf-dist/tex/latex/oberdiek/kvoptions.s
ty
Package: kvoptions 2011/06/30 v3.11 Key value format for package options (HO)

(c:/Program Files (x86)/TeX Live/2014/texmf-dist/tex/generic/oberdiek/kvsetkeys
.sty
Package: kvsetkeys 2012/04/25 v1.16 Key value parser (HO)

(c:/Program Files (x86)/TeX Live/2014/texmf-dist/tex/generic/oberdiek/etexcmds.
sty
Package: etexcmds 2011/02/16 v1.5 Avoid name clashes with e-TeX commands (HO)

(c:/Program Files (x86)/TeX Live/2014/texmf-dist/tex/generic/oberdiek/ifluatex.
sty
Package: ifluatex 2010/03/01 v1.3 Provides the ifluatex switch (HO)
Package ifluatex Info: LuaTeX not detected.
)
Package etexcmds Info: Could not find \expanded.
(etexcmds)             That can mean that you are not using pdfTeX 1.50 or
(etexcmds)             that some package has redefined \expanded.
(etexcmds)             In the latter case, load this package earlier.
)))
(c:/Program Files (x86)/TeX Live/2014/texmf-dist/tex/generic/oberdiek/pdftexcmd
s.sty
Package: pdftexcmds 2011/11/29 v0.20 Utility functions of pdfTeX for LuaTeX (HO
)

(c:/Program Files (x86)/TeX Live/2014/texmf-dist/tex/generic/oberdiek/ifpdf.sty
Package: ifpdf 2011/01/30 v2.3 Provides the ifpdf switch (HO)
Package ifpdf Info: pdfTeX in PDF mode is detected.
)
Package pdftexcmds Info: LuaTeX not detected.
Package pdftexcmds Info: \pdf@primitive is available.
Package pdftexcmds Info: \pdf@ifprimitive is available.
Package pdftexcmds Info: \pdfdraftmode found.
)
Package grfext Info: Graphics extension search list:
(grfext)             [.png,.pdf,.jpg,.mps,.jpeg,.jbig2,.jb2,.PNG,.PDF,.JPG,.JPE
G,.JBIG2,.JB2,.eps]
(grfext)             \AppendGraphicsExtensions on input line 452.

(c:/Program Files (x86)/TeX Live/2014/texmf-dist/tex/latex/latexconfig/epstopdf
-sys.cfg
File: epstopdf-sys.cfg 2010/07/13 v1.3 Configuration of (r)epstopdf for TeX Liv
e
)))
(c:/Program Files (x86)/TeX Live/2014/texmf-dist/tex/latex/graphics/epsfig.sty
Package: epsfig 1999/02/16 v1.7a (e)psfig emulation (SPQR)
\epsfxsize=\dimen106
\epsfysize=\dimen107
)
(c:/Program Files (x86)/TeX Live/2014/texmf-dist/tex/latex/hyperref/hyperref.st
y
Package: hyperref 2012/11/06 v6.83m Hypertext links for LaTeX

(c:/Program Files (x86)/TeX Live/2014/texmf-dist/tex/generic/oberdiek/hobsub-hy
perref.sty
Package: hobsub-hyperref 2012/05/28 v1.13 Bundle oberdiek, subset hyperref (HO)


(c:/Program Files (x86)/TeX Live/2014/texmf-dist/tex/generic/oberdiek/hobsub-ge
neric.sty
Package: hobsub-generic 2012/05/28 v1.13 Bundle oberdiek, subset generic (HO)
Package: hobsub 2012/05/28 v1.13 Construct package bundles (HO)
Package hobsub Info: Skipping package `infwarerr' (already loaded).
Package hobsub Info: Skipping package `ltxcmds' (already loaded).
Package hobsub Info: Skipping package `ifluatex' (already loaded).
Package: ifvtex 2010/03/01 v1.5 Detect VTeX and its facilities (HO)
Package ifvtex Info: VTeX not detected.
Package: intcalc 2007/09/27 v1.1 Expandable calculations with integers (HO)
Package hobsub Info: Skipping package `ifpdf' (already loaded).
Package hobsub Info: Skipping package `etexcmds' (already loaded).
Package hobsub Info: Skipping package `kvsetkeys' (already loaded).
Package hobsub Info: Skipping package `kvdefinekeys' (already loaded).
Package hobsub Info: Skipping package `pdftexcmds' (already loaded).
Package: pdfescape 2011/11/25 v1.13 Implements pdfTeX's escape features (HO)
Package: bigintcalc 2012/04/08 v1.3 Expandable calculations on big integers (HO
)
Package: bitset 2011/01/30 v1.1 Handle bit-vector datatype (HO)
Package: uniquecounter 2011/01/30 v1.2 Provide unlimited unique counter (HO)
)
Package hobsub Info: Skipping package `hobsub' (already loaded).
Package: letltxmacro 2010/09/02 v1.4 Let assignment for LaTeX macros (HO)
Package: hopatch 2012/05/28 v1.2 Wrapper for package hooks (HO)
Package: xcolor-patch 2011/01/30 xcolor patch
Package: atveryend 2011/06/30 v1.8 Hooks at the very end of document (HO)
Package: atbegshi 2011/10/05 v1.16 At begin shipout hook (HO)
Package: refcount 2011/10/16 v3.4 Data extraction from label references (HO)
Package: hycolor 2011/01/30 v1.7 Color options for hyperref/bookmark (HO)
)
(c:/Program Files (x86)/TeX Live/2014/texmf-dist/tex/generic/ifxetex/ifxetex.st
y
Package: ifxetex 2010/09/12 v0.6 Provides ifxetex conditional
)
(c:/Program Files (x86)/TeX Live/2014/texmf-dist/tex/latex/oberdiek/auxhook.sty
Package: auxhook 2011/03/04 v1.3 Hooks for auxiliary files (HO)
)
\@linkdim=\dimen108
\Hy@linkcounter=\count92
\Hy@pagecounter=\count93

(c:/Program Files (x86)/TeX Live/2014/texmf-dist/tex/latex/hyperref/pd1enc.def
File: pd1enc.def 2012/11/06 v6.83m Hyperref: PDFDocEncoding definition (HO)
)
\Hy@SavedSpaceFactor=\count94

(c:/Program Files (x86)/TeX Live/2014/texmf-dist/tex/latex/latexconfig/hyperref
.cfg
File: hyperref.cfg 2002/06/06 v1.2 hyperref configuration of TeXLive
)
Package hyperref Info: Option `colorlinks' set `true' on input line 4319.
Package hyperref Info: Hyper figures OFF on input line 4443.
Package hyperref Info: Link nesting OFF on input line 4448.
Package hyperref Info: Hyper index ON on input line 4451.
Package hyperref Info: Plain pages OFF on input line 4458.
Package hyperref Info: Backreferencing OFF on input line 4463.
Package hyperref Info: Implicit mode ON; LaTeX internals redefined.
Package hyperref Info: Bookmarks ON on input line 4688.
\c@Hy@tempcnt=\count95
 (c:/Program Files (x86)/TeX Live/2014/texmf-dist/tex/latex/url/url.sty
\Urlmuskip=\muskip10
Package: url 2013/09/16  ver 3.4  Verb mode for urls, etc.
)
LaTeX Info: Redefining \url on input line 5041.
\XeTeXLinkMargin=\dimen109
\Fld@menulength=\count96
\Field@Width=\dimen110
\Fld@charsize=\dimen111
Package hyperref Info: Hyper figures OFF on input line 6295.
Package hyperref Info: Link nesting OFF on input line 6300.
Package hyperref Info: Hyper index ON on input line 6303.
Package hyperref Info: backreferencing OFF on input line 6310.
Package hyperref Info: Link coloring ON on input line 6313.
Package hyperref Info: Link coloring with OCG OFF on input line 6320.
Package hyperref Info: PDF/A mode OFF on input line 6325.
LaTeX Info: Redefining \ref on input line 6365.
LaTeX Info: Redefining \pageref on input line 6369.
\Hy@abspage=\count97
\c@Item=\count98
\c@Hfootnote=\count99
)

Package hyperref Message: Driver (autodetected): hpdftex.


(c:/Program Files (x86)/TeX Live/2014/texmf-dist/tex/latex/hyperref/hpdftex.def
File: hpdftex.def 2012/11/06 v6.83m Hyperref driver for pdfTeX
\Fld@listcount=\count100
\c@bookmark@seq@number=\count101

(c:/Program Files (x86)/TeX Live/2014/texmf-dist/tex/latex/oberdiek/rerunfilech
eck.sty
Package: rerunfilecheck 2011/04/15 v1.7 Rerun checks for auxiliary files (HO)
Package uniquecounter Info: New unique counter `rerunfilecheck' on input line 2
82.
)
\Hy@SectionHShift=\skip48
)
(c:/Program Files (x86)/TeX Live/2014/texmf-dist/tex/latex/amsmath/amsmath.sty
Package: amsmath 2013/01/14 v2.14 AMS math features
\@mathmargin=\skip49

For additional information on amsmath, use the `?' option.
(c:/Program Files (x86)/TeX Live/2014/texmf-dist/tex/latex/amsmath/amstext.sty
Package: amstext 2000/06/29 v2.01
) (c:/Program Files (x86)/TeX Live/2014/texmf-dist/tex/latex/amsmath/amsopn.sty
Package: amsopn 1999/12/14 v2.01 operator names
)
\inf@bad=\count102
LaTeX Info: Redefining \frac on input line 210.
\uproot@=\count103
\leftroot@=\count104
LaTeX Info: Redefining \overline on input line 306.
\classnum@=\count105
\DOTSCASE@=\count106
LaTeX Info: Redefining \ldots on input line 378.
LaTeX Info: Redefining \dots on input line 381.
LaTeX Info: Redefining \cdots on input line 466.
\Mathstrutbox@=\box28
\strutbox@=\box29
\big@size=\dimen112
LaTeX Font Info:    Redeclaring font encoding OML on input line 566.
LaTeX Font Info:    Redeclaring font encoding OMS on input line 567.
\macc@depth=\count107
\c@MaxMatrixCols=\count108
\dotsspace@=\muskip11
\c@parentequation=\count109
\dspbrk@lvl=\count110
\tag@help=\toks17
\row@=\count111
\column@=\count112
\maxfields@=\count113
\andhelp@=\toks18
\eqnshift@=\dimen113
\alignsep@=\dimen114
\tagshift@=\dimen115
\tagwidth@=\dimen116
\totwidth@=\dimen117
\lineht@=\dimen118
\@envbody=\toks19
\multlinegap=\skip50
\multlinetaggap=\skip51
\mathdisplay@stack=\toks20
LaTeX Info: Redefining \[ on input line 2665.
LaTeX Info: Redefining \] on input line 2666.
) (./taylorCone.macro) (./natbib.sty
Package: natbib 2000/07/24 7.0a (PWD)
\bibhang=\skip52
\bibsep=\skip53
LaTeX Info: Redefining \cite on input line 508.
\c@NAT@ctr=\count114
) (./taylorCone.aux)
\openout1 = `taylorCone.aux'.

LaTeX Font Info:    Checking defaults for OML/cmm/m/it on input line 33.
LaTeX Font Info:    ... okay on input line 33.
LaTeX Font Info:    Checking defaults for T1/cmr/m/n on input line 33.
LaTeX Font Info:    ... okay on input line 33.
LaTeX Font Info:    Checking defaults for OT1/cmr/m/n on input line 33.
LaTeX Font Info:    ... okay on input line 33.
LaTeX Font Info:    Checking defaults for OMS/cmsy/m/n on input line 33.
LaTeX Font Info:    ... okay on input line 33.
LaTeX Font Info:    Checking defaults for OMX/cmex/m/n on input line 33.
LaTeX Font Info:    ... okay on input line 33.
LaTeX Font Info:    Checking defaults for U/cmr/m/n on input line 33.
LaTeX Font Info:    ... okay on input line 33.
LaTeX Font Info:    Checking defaults for PD1/pdf/m/n on input line 33.
LaTeX Font Info:    ... okay on input line 33.

(c:/Program Files (x86)/TeX Live/2014/texmf-dist/tex/context/base/supp-pdf.mkii
[Loading MPS to PDF converter (version 2006.09.02).]
\scratchcounter=\count115
\scratchdimen=\dimen119
\scratchbox=\box30
\nofMPsegments=\count116
\nofMParguments=\count117
\everyMPshowfont=\toks21
\MPscratchCnt=\count118
\MPscratchDim=\dimen120
\MPnumerator=\count119
\makeMPintoPDFobject=\count120
\everyMPtoPDFconversion=\toks22
)
\AtBeginShipoutBox=\box31


Package hyperref Warning: Height of page (\paperheight) is invalid (0.0pt),
(hyperref)                using 11in.

(c:/Program Files (x86)/TeX Live/2014/texmf-dist/tex/latex/graphics/color.sty
Package: color 2014/10/28 v1.1a Standard LaTeX Color (DPC)

(c:/Program Files (x86)/TeX Live/2014/texmf-dist/tex/latex/latexconfig/color.cf
g
File: color.cfg 2007/01/18 v1.5 color configuration of teTeX/TeXLive
)
Package color Info: Driver file: pdftex.def on input line 137.
)
Package hyperref Info: Link coloring ON on input line 33.

(c:/Program Files (x86)/TeX Live/2014/texmf-dist/tex/latex/hyperref/nameref.sty
Package: nameref 2012/10/27 v2.43 Cross-referencing by name of section

(c:/Program Files (x86)/TeX Live/2014/texmf-dist/tex/generic/oberdiek/gettitles
tring.sty
Package: gettitlestring 2010/12/03 v1.4 Cleanup title references (HO)
)
\c@section@level=\count121
)
LaTeX Info: Redefining \ref on input line 33.
LaTeX Info: Redefining \pageref on input line 33.
LaTeX Info: Redefining \nameref on input line 33.
 (./taylorCone.out) (./taylorCone.out)
\@outlinefile=\write3
\openout3 = `taylorCone.out'.

LaTeX Font Info:    Try loading font information for U+msa on input line 35.

(c:/Program Files (x86)/TeX Live/2014/texmf-dist/tex/latex/amsfonts/umsa.fd
File: umsa.fd 2013/01/14 v3.01 AMS symbols A
)
LaTeX Font Info:    Try loading font information for U+msb on input line 35.

(c:/Program Files (x86)/TeX Live/2014/texmf-dist/tex/latex/amsfonts/umsb.fd
File: umsb.fd 2013/01/14 v3.01 AMS symbols B
)
Underfull \vbox (badness 8075) has occurred while \output is active []


Underfull \hbox (badness 10000) has occurred while \output is active

 []

[1{c:/Program Files (x86)/TeX Live/2014/texmf-var/fonts/map/pdftex/updmap/pdfte
x.map}
Non-PDF special ignored!]
Overfull \hbox (18.7978pt too wide) detected at line 104
[]
 []


Overfull \hbox (0.8149pt too wide) detected at line 124
[]
 []

pdfTeX warning (ext4): destination with the same identifier (name{equation.1.1}
) has been already used, duplicate ignored
<to be read again> 
                   \relax 
l.166 \end{alignat}
                   pdfTeX warning (ext4): destination with the same identifier 
(name{equation.1.2}) has been already used, duplicate ignored
<to be read again> 
                   \relax 
l.166 \end{alignat}
                   pdfTeX warning (ext4): destination with the same identifier 
(name{equation.1.3}) has been already used, duplicate ignored
<to be read again> 
                   \relax 
l.166 \end{alignat}
                   
Underfull \vbox (badness 10000) has occurred while \output is active []

 [2]pdfTeX warning (ext4): destination with the same identifier (name{equation.
1.1}) has been already used, duplicate ignored
<to be read again> 
                   \relax 
l.200 \end{alignat}
                   pdfTeX warning (ext4): destination with the same identifier 
(name{equation.1.2}) has been already used, duplicate ignored
<to be read again> 
                   \relax 
l.200 \end{alignat}
                   pdfTeX warning (ext4): destination with the same identifier 
(name{equation.1.3}) has been already used, duplicate ignored
<to be read again> 
                   \relax 
l.200 \end{alignat}
                    [3] [4]
Overfull \hbox (0.50984pt too wide) in paragraph at lines 331--331
[] 
 []

[5] (./taylorCone.bbl
Underfull \vbox (badness 3019) has occurred while \output is active []

 [6])
Package atveryend Info: Empty hook `BeforeClearDocument' on input line 455.

[7]
Package atveryend Info: Empty hook `AfterLastShipout' on input line 455.
 (./taylorCone.aux)
Package atveryend Info: Executing hook `AtVeryEndDocument' on input line 455.
Package atveryend Info: Executing hook `AtEndAfterFileList' on input line 455.
Package rerunfilecheck Info: File `taylorCone.out' has not changed.
(rerunfilecheck)             Checksum: 8C851F5154CD7E5A4E964C371E248895;385.
 ) 
Here is how much of TeX's memory you used:
 7062 strings out of 493109
 99026 string characters out of 6129155
 205071 words of memory out of 5000000
 10352 multiletter control sequences out of 15000+600000
 17447 words of font info for 65 fonts, out of 8000000 for 9000
 1141 hyphenation exceptions out of 8191
 42i,19n,28p,844b,444s stack positions out of 5000i,500n,10000p,200000b,80000s
<c:/Program Files (x86)/TeX Live/2014/texmf-dist/fonts/type1/public/amsfonts/
cmextra/cmbsy7.pfb><c:/Program Files (x86)/TeX Live/2014/texmf-dist/fonts/type1
/public/amsfonts/cm/cmbx10.pfb><c:/Program Files (x86)/TeX Live/2014/texmf-dist
/fonts/type1/public/amsfonts/cm/cmbx12.pfb><c:/Program Files (x86)/TeX Live/201
4/texmf-dist/fonts/type1/public/amsfonts/cm/cmbx8.pfb><c:/Program Files (x86)/T
eX Live/2014/texmf-dist/fonts/type1/public/amsfonts/cm/cmbx9.pfb><c:/Program Fi
les (x86)/TeX Live/2014/texmf-dist/fonts/type1/public/amsfonts/cm/cmcsc10.pfb><
c:/Program Files (x86)/TeX Live/2014/texmf-dist/fonts/type1/public/amsfonts/cm/
cmex10.pfb><c:/Program Files (x86)/TeX Live/2014/texmf-dist/fonts/type1/public/
amsfonts/cm/cmmi10.pfb><c:/Program Files (x86)/TeX Live/2014/texmf-dist/fonts/t
ype1/public/amsfonts/cm/cmmi5.pfb><c:/Program Files (x86)/TeX Live/2014/texmf-d
ist/fonts/type1/public/amsfonts/cm/cmmi7.pfb><c:/Program Files (x86)/TeX Live/2
014/texmf-dist/fonts/type1/public/amsfonts/cm/cmmi9.pfb><c:/Program Files (x86)
/TeX Live/2014/texmf-dist/fonts/type1/public/amsfonts/cm/cmmib10.pfb><c:/Progra
m Files (x86)/TeX Live/2014/texmf-dist/fonts/type1/public/amsfonts/cm/cmr10.pfb
><c:/Program Files (x86)/TeX Live/2014/texmf-dist/fonts/type1/public/amsfonts/c
m/cmr5.pfb><c:/Program Files (x86)/TeX Live/2014/texmf-dist/fonts/type1/public/
amsfonts/cm/cmr6.pfb><c:/Program Files (x86)/TeX Live/2014/texmf-dist/fonts/typ
e1/public/amsfonts/cm/cmr7.pfb><c:/Program Files (x86)/TeX Live/2014/texmf-dist
/fonts/type1/public/amsfonts/cm/cmr9.pfb><c:/Program Files (x86)/TeX Live/2014/
texmf-dist/fonts/type1/public/amsfonts/cm/cmsy10.pfb><c:/Program Files (x86)/Te
X Live/2014/texmf-dist/fonts/type1/public/amsfonts/cm/cmsy7.pfb><c:/Program Fil
es (x86)/TeX Live/2014/texmf-dist/fonts/type1/public/amsfonts/cm/cmsy9.pfb><c:/
Program Files (x86)/TeX Live/2014/texmf-dist/fonts/type1/public/amsfonts/cm/cmt
i10.pfb><c:/Program Files (x86)/TeX Live/2014/texmf-dist/fonts/type1/public/ams
fonts/cm/cmti8.pfb><c:/Program Files (x86)/TeX Live/2014/texmf-dist/fonts/type1
/public/amsfonts/cm/cmti9.pfb><c:/Program Files (x86)/TeX Live/2014/texmf-dist/
fonts/type1/public/amsfonts/symbols/msam10.pfb>
Output written on taylorCone.pdf (7 pages, 279179 bytes).
PDF statistics:
 230 PDF objects out of 1000 (max. 8388607)
 195 compressed objects within 2 object streams
 64 named destinations out of 1000 (max. 500000)
 49 words of extra memory for PDF output out of 10000 (max. 10000000)

